# Logfile created on 2014-03-15 13:49:05 -0700 by logger.rb/41954
I, [2014-03-15T13:49:05.712814 #11555]  INFO -- : 0:  i18n (0.6.9) from /Users/jaspreet/.rvm/gems/ruby-2.0.0-p353/specifications/i18n-0.6.9.gemspec
I, [2014-03-15T13:49:07.127370 #11555]  INFO -- : 0:  minitest (4.7.5) from /Users/jaspreet/.rvm/gems/ruby-2.0.0-p353/specifications/minitest-4.7.5.gemspec
I, [2014-03-15T13:49:07.128189 #11555]  INFO -- : 0:  multi_json (1.8.4) from /Users/jaspreet/.rvm/gems/ruby-2.0.0-p353/specifications/multi_json-1.8.4.gemspec
I, [2014-03-15T13:49:08.812357 #11555]  INFO -- : 0:  atomic (1.1.15) from /Users/jaspreet/.rvm/gems/ruby-2.0.0-p353/specifications/atomic-1.1.15.gemspec
I, [2014-03-15T13:49:11.135381 #11555]  INFO -- : 0:  thread_safe (0.2.0) from /Users/jaspreet/.rvm/gems/ruby-2.0.0-p353/specifications/thread_safe-0.2.0.gemspec
I, [2014-03-15T13:49:13.622615 #11555]  INFO -- : 0:  tzinfo (0.3.38) from /Users/jaspreet/.rvm/gems/ruby-2.0.0-p353/specifications/tzinfo-0.3.38.gemspec
I, [2014-03-15T13:49:16.011208 #11555]  INFO -- : 0:  activesupport (4.0.3) from /Users/jaspreet/.rvm/gems/ruby-2.0.0-p353/specifications/activesupport-4.0.3.gemspec
I, [2014-03-15T13:49:18.254113 #11555]  INFO -- : 0:  builder (3.1.4) from /Users/jaspreet/.rvm/gems/ruby-2.0.0-p353/specifications/builder-3.1.4.gemspec
I, [2014-03-15T13:49:20.412617 #11555]  INFO -- : 0:  activemodel (4.0.3) from /Users/jaspreet/.rvm/gems/ruby-2.0.0-p353/specifications/activemodel-4.0.3.gemspec
I, [2014-03-15T13:49:21.862224 #11555]  INFO -- : 0:  activerecord-deprecated_finders (1.0.3) from /Users/jaspreet/.rvm/gems/ruby-2.0.0-p353/specifications/activerecord-deprecated_finders-1.0.3.gemspec
I, [2014-03-15T13:49:23.725377 #11555]  INFO -- : 0:  arel (4.0.2) from /Users/jaspreet/.rvm/gems/ruby-2.0.0-p353/specifications/arel-4.0.2.gemspec
I, [2014-03-15T13:49:26.511270 #11555]  INFO -- : 0:  activerecord (4.0.3) from /Users/jaspreet/.rvm/gems/ruby-2.0.0-p353/specifications/activerecord-4.0.3.gemspec
I, [2014-03-15T13:49:28.180062 #11555]  INFO -- : 0:  bacon (1.2.0) from /Users/jaspreet/.rvm/gems/ruby-2.0.0-p353/specifications/bacon-1.2.0.gemspec
I, [2014-03-15T13:49:29.735515 #11555]  INFO -- : 0:  bond (0.4.3) from /Users/jaspreet/.rvm/gems/ruby-2.0.0-p353/specifications/bond-0.4.3.gemspec
I, [2014-03-15T13:49:30.943123 #11555]  INFO -- : 0:  mime-types (1.25.1) from /Users/jaspreet/.rvm/gems/ruby-2.0.0-p353/specifications/mime-types-1.25.1.gemspec
I, [2014-03-15T13:49:39.609432 #11555]  INFO -- : 0:  pg (0.17.1) from /Users/jaspreet/.rvm/gems/ruby-2.0.0-p353/specifications/pg-0.17.1.gemspec
I, [2014-03-15T13:49:39.610285 #11555]  INFO -- : 0:  rack (1.5.2) from /Users/jaspreet/.rvm/gems/ruby-2.0.0-p353/specifications/rack-1.5.2.gemspec
I, [2014-03-15T13:49:39.610748 #11555]  INFO -- : 0:  rack-protection (1.5.2) from /Users/jaspreet/.rvm/gems/ruby-2.0.0-p353/specifications/rack-protection-1.5.2.gemspec
I, [2014-03-15T13:49:41.445881 #11555]  INFO -- : 0:  rack-test (0.6.2) from /Users/jaspreet/.rvm/gems/ruby-2.0.0-p353/specifications/rack-test-0.6.2.gemspec
I, [2014-03-15T13:49:43.567144 #11555]  INFO -- : 0:  rest-client (1.6.7) from /Users/jaspreet/.rvm/gems/ruby-2.0.0-p353/specifications/rest-client-1.6.7.gemspec
I, [2014-03-15T13:49:45.178930 #11555]  INFO -- : 0:  ripl (0.7.0) from /Users/jaspreet/.rvm/gems/ruby-2.0.0-p353/specifications/ripl-0.7.0.gemspec
I, [2014-03-15T13:49:46.569170 #11555]  INFO -- : 0:  ripl-multi_line (0.3.1) from /Users/jaspreet/.rvm/gems/ruby-2.0.0-p353/specifications/ripl-multi_line-0.3.1.gemspec
I, [2014-03-15T13:49:49.804363 #11555]  INFO -- : 0:  ripl-rack (0.2.1) from /Users/jaspreet/.rvm/gems/ruby-2.0.0-p353/specifications/ripl-rack-0.2.1.gemspec
I, [2014-03-15T13:49:49.805084 #11555]  INFO -- : 0:  tilt (1.4.1) from /Users/jaspreet/.rvm/gems/ruby-2.0.0-p353/specifications/tilt-1.4.1.gemspec
I, [2014-03-15T13:49:49.805480 #11555]  INFO -- : 0:  sinatra (1.4.4) from /Users/jaspreet/.rvm/gems/ruby-2.0.0-p353/specifications/sinatra-1.4.4.gemspec
I, [2014-03-15T13:49:51.087190 #11555]  INFO -- : 0:  sinatra-activerecord (1.3.0) from /Users/jaspreet/.rvm/gems/ruby-2.0.0-p353/specifications/sinatra-activerecord-1.3.0.gemspec
I, [2014-03-15T13:49:52.447955 #11555]  INFO -- : 0:  sinatra-flash (0.3.0) from /Users/jaspreet/.rvm/gems/ruby-2.0.0-p353/specifications/sinatra-flash-0.3.0.gemspec
I, [2014-03-15T13:49:54.196446 #11555]  INFO -- : 0:  sinatra-formhelpers-ng (1.9.0) from /Users/jaspreet/.rvm/gems/ruby-2.0.0-p353/specifications/sinatra-formhelpers-ng-1.9.0.gemspec
I, [2014-03-15T13:49:55.364016 #11555]  INFO -- : 0:  sinatra-redirect-with-flash (0.2.1) from /Users/jaspreet/.rvm/gems/ruby-2.0.0-p353/specifications/sinatra-redirect-with-flash-0.2.1.gemspec
I, [2014-03-15T13:49:59.542430 #11555]  INFO -- : 0:  sqlite3 (1.3.9) from /Users/jaspreet/.rvm/gems/ruby-2.0.0-p353/specifications/sqlite3-1.3.9.gemspec
I, [2014-03-15T13:50:02.618361 #11555]  INFO -- : 0:  stripe (1.10.0) from /Users/jaspreet/.rvm/gems/ruby-2.0.0-p353/specifications/stripe-1.10.0.gemspec
I, [2014-03-15T13:50:03.971197 #11555]  INFO -- : 0:  tux (0.3.0) from /Users/jaspreet/.rvm/gems/ruby-2.0.0-p353/specifications/tux-0.3.0.gemspec
I, [2014-03-15T13:50:03.971741 #11555]  INFO -- : 0:  bundler (1.5.1) from /Users/jaspreet/.rvm/gems/ruby-2.0.0-p353@global/specifications/bundler-1.5.1.gemspec
